The system is: Linux - 3.8.0-44-generic - i686
Compiling the C compiler identification source file "CMakeCCompilerId.c" succeeded.
Compiler: /usr/local/bin/gcc 
Build flags: 
Id flags: 

The output was:
0


Compilation of the C compiler identification source "CMakeCCompilerId.c" produced "a.out"

The C compiler identification is GNU, found in "/home/exbot/Documents/k-means-master/bulid/CMakeFiles/CompilerIdC/a.out"

Compiling the CXX compiler identification source file "CMakeCXXCompilerId.cpp" succeeded.
Compiler: /usr/local/bin/c++ 
Build flags: 
Id flags: 

The output was:
0


Compilation of the CXX compiler identification source "CMakeCXXCompilerId.cpp" produced "a.out"

The CXX compiler identification is GNU, found in "/home/exbot/Documents/k-means-master/bulid/CMakeFiles/CompilerIdCXX/a.out"

Determining if the C compiler works passed with the following output:
Change Dir: /home/exbot/Documents/k-means-master/bulid/CMakeFiles/CMakeTmp

Run Build Command:/usr/bin/make "cmTryCompileExec/fast"
/usr/bin/make -f CMakeFiles/cmTryCompileExec.dir/build.make CMakeFiles/cmTryCompileExec.dir/build
make[1]: Entering directory `/home/exbot/Documents/k-means-master/bulid/CMakeFiles/CMakeTmp'
/usr/bin/cmake -E cmake_progress_report /home/exbot/Documents/k-means-master/bulid/CMakeFiles/CMakeTmp/CMakeFiles 1
Building C object CMakeFiles/cmTryCompileExec.dir/testCCompiler.c.o
/usr/local/bin/gcc    -o CMakeFiles/cmTryCompileExec.dir/testCCompiler.c.o   -c /home/exbot/Documents/k-means-master/bulid/CMakeFiles/CMakeTmp/testCCompiler.c
Linking C executable cmTryCompileExec
/usr/bin/cmake -E cmake_link_script CMakeFiles/cmTryCompileExec.dir/link.txt --verbose=1
/usr/local/bin/gcc         CMakeFiles/cmTryCompileExec.dir/testCCompiler.c.o  -o cmTryCompileExec -rdynamic 
make[1]: Leaving directory `/home/exbot/Documents/k-means-master/bulid/CMakeFiles/CMakeTmp'


Detecting C compiler ABI info compiled with the following output:
Change Dir: /home/exbot/Documents/k-means-master/bulid/CMakeFiles/CMakeTmp

Run Build Command:/usr/bin/make "cmTryCompileExec/fast"
/usr/bin/make -f CMakeFiles/cmTryCompileExec.dir/build.make CMakeFiles/cmTryCompileExec.dir/build
make[1]: Entering directory `/home/exbot/Documents/k-means-master/bulid/CMakeFiles/CMakeTmp'
/usr/bin/cmake -E cmake_progress_report /home/exbot/Documents/k-means-master/bulid/CMakeFiles/CMakeTmp/CMakeFiles 1
Building C object CMakeFiles/cmTryCompileExec.dir/CMakeCCompilerABI.c.o
/usr/local/bin/gcc    -o CMakeFiles/cmTryCompileExec.dir/CMakeCCompilerABI.c.o   -c /usr/share/cmake-2.8/Modules/CMakeCCompilerABI.c
Linking C executable cmTryCompileExec
/usr/bin/cmake -E cmake_link_script CMakeFiles/cmTryCompileExec.dir/link.txt --verbose=1
/usr/local/bin/gcc       -v CMakeFiles/cmTryCompileExec.dir/CMakeCCompilerABI.c.o  -o cmTryCompileExec -rdynamic  
Using built-in specs.
COLLECT_GCC=/usr/local/bin/gcc
COLLECT_LTO_WRAPPER=/usr/local/libexec/gcc/i686-pc-linux-gnu/4.9.2/lto-wrapper
Target: i686-pc-linux-gnu
Configured with: ../configure --enable-checking=release --enable-languages=c,c++ --disable-multilib
Thread model: posix
gcc version 4.9.2 (GCC) 
COMPILER_PATH=/usr/local/libexec/gcc/i686-pc-linux-gnu/4.9.2/:/usr/local/libexec/gcc/i686-pc-linux-gnu/4.9.2/:/usr/local/libexec/gcc/i686-pc-linux-gnu/:/usr/local/lib/gcc/i686-pc-linux-gnu/4.9.2/:/usr/local/lib/gcc/i686-pc-linux-gnu/
LIBRARY_PATH=/usr/local/lib/gcc/i686-pc-linux-gnu/4.9.2/:/usr/local/lib/gcc/i686-pc-linux-gnu/4.9.2/../../../:/lib/i386-linux-gnu/:/lib/:/usr/lib/i386-linux-gnu/:/usr/lib/
COLLECT_GCC_OPTIONS='-v' '-o' 'cmTryCompileExec' '-rdynamic' '-mtune=generic' '-march=pentiumpro'
 /usr/local/libexec/gcc/i686-pc-linux-gnu/4.9.2/collect2 -plugin /usr/local/libexec/gcc/i686-pc-linux-gnu/4.9.2/liblto_plugin.so -plugin-opt=/usr/local/libexec/gcc/i686-pc-linux-gnu/4.9.2/lto-wrapper -plugin-opt=-fresolution=/tmp/ccJdndFP.res -plugin-opt=-pass-through=-lgcc -plugin-opt=-pass-through=-lgcc_s -plugin-opt=-pass-through=-lc -plugin-opt=-pass-through=-lgcc -plugin-opt=-pass-through=-lgcc_s --eh-frame-hdr -m elf_i386 -export-dynamic -dynamic-linker /lib/ld-linux.so.2 -o cmTryCompileExec /usr/lib/i386-linux-gnu/crt1.o /usr/lib/i386-linux-gnu/crti.o /usr/local/lib/gcc/i686-pc-linux-gnu/4.9.2/crtbegin.o -L/usr/local/lib/gcc/i686-pc-linux-gnu/4.9.2 -L/usr/local/lib/gcc/i686-pc-linux-gnu/4.9.2/../../.. -L/lib/i386-linux-gnu -L/usr/lib/i386-linux-gnu CMakeFiles/cmTryCompileExec.dir/CMakeCCompilerABI.c.o -lgcc --as-needed -lgcc_s --no-as-needed -lc -lgcc --as-needed -lgcc_s --no-as-needed /usr/local/lib/gcc/i686-pc-linux-gnu/4.9.2/crtend.o /usr/lib/i386-linux-gnu/crtn.o
make[1]: Leaving directory `/home/exbot/Documents/k-means-master/bulid/CMakeFiles/CMakeTmp'


Parsed C implicit link information from above output:
  link line regex: [^( *|.*[/\])(ld|ld|collect2)[^/\]*( |$)]
  ignore line: [Change Dir: /home/exbot/Documents/k-means-master/bulid/CMakeFiles/CMakeTmp]
  ignore line: []
  ignore line: [Run Build Command:/usr/bin/make "cmTryCompileExec/fast"]
  ignore line: [/usr/bin/make -f CMakeFiles/cmTryCompileExec.dir/build.make CMakeFiles/cmTryCompileExec.dir/build]
  ignore line: [make[1]: Entering directory `/home/exbot/Documents/k-means-master/bulid/CMakeFiles/CMakeTmp']
  ignore line: [/usr/bin/cmake -E cmake_progress_report /home/exbot/Documents/k-means-master/bulid/CMakeFiles/CMakeTmp/CMakeFiles 1]
  ignore line: [Building C object CMakeFiles/cmTryCompileExec.dir/CMakeCCompilerABI.c.o]
  ignore line: [/usr/local/bin/gcc    -o CMakeFiles/cmTryCompileExec.dir/CMakeCCompilerABI.c.o   -c /usr/share/cmake-2.8/Modules/CMakeCCompilerABI.c]
  ignore line: [Linking C executable cmTryCompileExec]
  ignore line: [/usr/bin/cmake -E cmake_link_script CMakeFiles/cmTryCompileExec.dir/link.txt --verbose=1]
  ignore line: [/usr/local/bin/gcc       -v CMakeFiles/cmTryCompileExec.dir/CMakeCCompilerABI.c.o  -o cmTryCompileExec -rdynamic  ]
  ignore line: [Using built-in specs.]
  ignore line: [COLLECT_GCC=/usr/local/bin/gcc]
  ignore line: [COLLECT_LTO_WRAPPER=/usr/local/libexec/gcc/i686-pc-linux-gnu/4.9.2/lto-wrapper]
  ignore line: [Target: i686-pc-linux-gnu]
  ignore line: [Configured with: ../configure --enable-checking=release --enable-languages=c,c++ --disable-multilib]
  ignore line: [Thread model: posix]
  ignore line: [gcc version 4.9.2 (GCC) ]
  ignore line: [COMPILER_PATH=/usr/local/libexec/gcc/i686-pc-linux-gnu/4.9.2/:/usr/local/libexec/gcc/i686-pc-linux-gnu/4.9.2/:/usr/local/libexec/gcc/i686-pc-linux-gnu/:/usr/local/lib/gcc/i686-pc-linux-gnu/4.9.2/:/usr/local/lib/gcc/i686-pc-linux-gnu/]
  ignore line: [LIBRARY_PATH=/usr/local/lib/gcc/i686-pc-linux-gnu/4.9.2/:/usr/local/lib/gcc/i686-pc-linux-gnu/4.9.2/../../../:/lib/i386-linux-gnu/:/lib/:/usr/lib/i386-linux-gnu/:/usr/lib/]
  ignore line: [COLLECT_GCC_OPTIONS='-v' '-o' 'cmTryCompileExec' '-rdynamic' '-mtune=generic' '-march=pentiumpro']
  link line: [ /usr/local/libexec/gcc/i686-pc-linux-gnu/4.9.2/collect2 -plugin /usr/local/libexec/gcc/i686-pc-linux-gnu/4.9.2/liblto_plugin.so -plugin-opt=/usr/local/libexec/gcc/i686-pc-linux-gnu/4.9.2/lto-wrapper -plugin-opt=-fresolution=/tmp/ccJdndFP.res -plugin-opt=-pass-through=-lgcc -plugin-opt=-pass-through=-lgcc_s -plugin-opt=-pass-through=-lc -plugin-opt=-pass-through=-lgcc -plugin-opt=-pass-through=-lgcc_s --eh-frame-hdr -m elf_i386 -export-dynamic -dynamic-linker /lib/ld-linux.so.2 -o cmTryCompileExec /usr/lib/i386-linux-gnu/crt1.o /usr/lib/i386-linux-gnu/crti.o /usr/local/lib/gcc/i686-pc-linux-gnu/4.9.2/crtbegin.o -L/usr/local/lib/gcc/i686-pc-linux-gnu/4.9.2 -L/usr/local/lib/gcc/i686-pc-linux-gnu/4.9.2/../../.. -L/lib/i386-linux-gnu -L/usr/lib/i386-linux-gnu CMakeFiles/cmTryCompileExec.dir/CMakeCCompilerABI.c.o -lgcc --as-needed -lgcc_s --no-as-needed -lc -lgcc --as-needed -lgcc_s --no-as-needed /usr/local/lib/gcc/i686-pc-linux-gnu/4.9.2/crtend.o /usr/lib/i386-linux-gnu/crtn.o]
    arg [/usr/local/libexec/gcc/i686-pc-linux-gnu/4.9.2/collect2] ==> ignore
    arg [-plugin] ==> ignore
    arg [/usr/local/libexec/gcc/i686-pc-linux-gnu/4.9.2/liblto_plugin.so] ==> ignore
    arg [-plugin-opt=/usr/local/libexec/gcc/i686-pc-linux-gnu/4.9.2/lto-wrapper] ==> ignore
    arg [-plugin-opt=-fresolution=/tmp/ccJdndFP.res] ==> ignore
    arg [-plugin-opt=-pass-through=-lgcc] ==> ignore
    arg [-plugin-opt=-pass-through=-lgcc_s] ==> ignore
    arg [-plugin-opt=-pass-through=-lc] ==> ignore
    arg [-plugin-opt=-pass-through=-lgcc] ==> ignore
    arg [-plugin-opt=-pass-through=-lgcc_s] ==> ignore
    arg [--eh-frame-hdr] ==> ignore
    arg [-m] ==> ignore
    arg [elf_i386] ==> ignore
    arg [-export-dynamic] ==> ignore
    arg [-dynamic-linker] ==> ignore
    arg [/lib/ld-linux.so.2] ==> ignore
    arg [-o] ==> ignore
    arg [cmTryCompileExec] ==> ignore
    arg [/usr/lib/i386-linux-gnu/crt1.o] ==> ignore
    arg [/usr/lib/i386-linux-gnu/crti.o] ==> ignore
    arg [/usr/local/lib/gcc/i686-pc-linux-gnu/4.9.2/crtbegin.o] ==> ignore
    arg [-L/usr/local/lib/gcc/i686-pc-linux-gnu/4.9.2] ==> dir [/usr/local/lib/gcc/i686-pc-linux-gnu/4.9.2]
    arg [-L/usr/local/lib/gcc/i686-pc-linux-gnu/4.9.2/../../..] ==> dir [/usr/local/lib/gcc/i686-pc-linux-gnu/4.9.2/../../..]
    arg [-L/lib/i386-linux-gnu] ==> dir [/lib/i386-linux-gnu]
    arg [-L/usr/lib/i386-linux-gnu] ==> dir [/usr/lib/i386-linux-gnu]
    arg [CMakeFiles/cmTryCompileExec.dir/CMakeCCompilerABI.c.o] ==> ignore
    arg [-lgcc] ==> lib [gcc]
    arg [--as-needed] ==> ignore
    arg [-lgcc_s] ==> lib [gcc_s]
    arg [--no-as-needed] ==> ignore
    arg [-lc] ==> lib [c]
    arg [-lgcc] ==> lib [gcc]
    arg [--as-needed] ==> ignore
    arg [-lgcc_s] ==> lib [gcc_s]
    arg [--no-as-needed] ==> ignore
    arg [/usr/local/lib/gcc/i686-pc-linux-gnu/4.9.2/crtend.o] ==> ignore
    arg [/usr/lib/i386-linux-gnu/crtn.o] ==> ignore
  remove lib [gcc]
  remove lib [gcc_s]
  remove lib [gcc]
  remove lib [gcc_s]
  collapse dir [/usr/local/lib/gcc/i686-pc-linux-gnu/4.9.2] ==> [/usr/local/lib/gcc/i686-pc-linux-gnu/4.9.2]
  collapse dir [/usr/local/lib/gcc/i686-pc-linux-gnu/4.9.2/../../..] ==> [/usr/local/lib]
  collapse dir [/lib/i386-linux-gnu] ==> [/lib/i386-linux-gnu]
  collapse dir [/usr/lib/i386-linux-gnu] ==> [/usr/lib/i386-linux-gnu]
  implicit libs: [c]
  implicit dirs: [/usr/local/lib/gcc/i686-pc-linux-gnu/4.9.2;/usr/local/lib;/lib/i386-linux-gnu;/usr/lib/i386-linux-gnu]


Determining if the CXX compiler works passed with the following output:
Change Dir: /home/exbot/Documents/k-means-master/bulid/CMakeFiles/CMakeTmp

Run Build Command:/usr/bin/make "cmTryCompileExec/fast"
/usr/bin/make -f CMakeFiles/cmTryCompileExec.dir/build.make CMakeFiles/cmTryCompileExec.dir/build
make[1]: Entering directory `/home/exbot/Documents/k-means-master/bulid/CMakeFiles/CMakeTmp'
/usr/bin/cmake -E cmake_progress_report /home/exbot/Documents/k-means-master/bulid/CMakeFiles/CMakeTmp/CMakeFiles 1
Building CXX object CMakeFiles/cmTryCompileExec.dir/testCXXCompiler.cxx.o
/usr/local/bin/c++     -o CMakeFiles/cmTryCompileExec.dir/testCXXCompiler.cxx.o -c /home/exbot/Documents/k-means-master/bulid/CMakeFiles/CMakeTmp/testCXXCompiler.cxx
Linking CXX executable cmTryCompileExec
/usr/bin/cmake -E cmake_link_script CMakeFiles/cmTryCompileExec.dir/link.txt --verbose=1
/usr/local/bin/c++          CMakeFiles/cmTryCompileExec.dir/testCXXCompiler.cxx.o  -o cmTryCompileExec -rdynamic 
make[1]: Leaving directory `/home/exbot/Documents/k-means-master/bulid/CMakeFiles/CMakeTmp'


Detecting CXX compiler ABI info compiled with the following output:
Change Dir: /home/exbot/Documents/k-means-master/bulid/CMakeFiles/CMakeTmp

Run Build Command:/usr/bin/make "cmTryCompileExec/fast"
/usr/bin/make -f CMakeFiles/cmTryCompileExec.dir/build.make CMakeFiles/cmTryCompileExec.dir/build
make[1]: Entering directory `/home/exbot/Documents/k-means-master/bulid/CMakeFiles/CMakeTmp'
/usr/bin/cmake -E cmake_progress_report /home/exbot/Documents/k-means-master/bulid/CMakeFiles/CMakeTmp/CMakeFiles 1
Building CXX object CMakeFiles/cmTryCompileExec.dir/CMakeCXXCompilerABI.cpp.o
/usr/local/bin/c++     -o CMakeFiles/cmTryCompileExec.dir/CMakeCXXCompilerABI.cpp.o -c /usr/share/cmake-2.8/Modules/CMakeCXXCompilerABI.cpp
Linking CXX executable cmTryCompileExec
/usr/bin/cmake -E cmake_link_script CMakeFiles/cmTryCompileExec.dir/link.txt --verbose=1
/usr/local/bin/c++        -v CMakeFiles/cmTryCompileExec.dir/CMakeCXXCompilerABI.cpp.o  -o cmTryCompileExec -rdynamic  
Using built-in specs.
COLLECT_GCC=/usr/local/bin/c++
COLLECT_LTO_WRAPPER=/usr/local/libexec/gcc/i686-pc-linux-gnu/4.9.2/lto-wrapper
Target: i686-pc-linux-gnu
Configured with: ../configure --enable-checking=release --enable-languages=c,c++ --disable-multilib
Thread model: posix
gcc version 4.9.2 (GCC) 
COMPILER_PATH=/usr/local/libexec/gcc/i686-pc-linux-gnu/4.9.2/:/usr/local/libexec/gcc/i686-pc-linux-gnu/4.9.2/:/usr/local/libexec/gcc/i686-pc-linux-gnu/:/usr/local/lib/gcc/i686-pc-linux-gnu/4.9.2/:/usr/local/lib/gcc/i686-pc-linux-gnu/
LIBRARY_PATH=/usr/local/lib/gcc/i686-pc-linux-gnu/4.9.2/:/usr/local/lib/gcc/i686-pc-linux-gnu/4.9.2/../../../:/lib/i386-linux-gnu/:/lib/:/usr/lib/i386-linux-gnu/:/usr/lib/
COLLECT_GCC_OPTIONS='-v' '-o' 'cmTryCompileExec' '-rdynamic' '-shared-libgcc' '-mtune=generic' '-march=pentiumpro'
 /usr/local/libexec/gcc/i686-pc-linux-gnu/4.9.2/collect2 -plugin /usr/local/libexec/gcc/i686-pc-linux-gnu/4.9.2/liblto_plugin.so -plugin-opt=/usr/local/libexec/gcc/i686-pc-linux-gnu/4.9.2/lto-wrapper -plugin-opt=-fresolution=/tmp/ccuUvloY.res -plugin-opt=-pass-through=-lgcc_s -plugin-opt=-pass-through=-lgcc -plugin-opt=-pass-through=-lc -plugin-opt=-pass-through=-lgcc_s -plugin-opt=-pass-through=-lgcc --eh-frame-hdr -m elf_i386 -export-dynamic -dynamic-linker /lib/ld-linux.so.2 -o cmTryCompileExec /usr/lib/i386-linux-gnu/crt1.o /usr/lib/i386-linux-gnu/crti.o /usr/local/lib/gcc/i686-pc-linux-gnu/4.9.2/crtbegin.o -L/usr/local/lib/gcc/i686-pc-linux-gnu/4.9.2 -L/usr/local/lib/gcc/i686-pc-linux-gnu/4.9.2/../../.. -L/lib/i386-linux-gnu -L/usr/lib/i386-linux-gnu CMakeFiles/cmTryCompileExec.dir/CMakeCXXCompilerABI.cpp.o -lstdc++ -lm -lgcc_s -lgcc -lc -lgcc_s -lgcc /usr/local/lib/gcc/i686-pc-linux-gnu/4.9.2/crtend.o /usr/lib/i386-linux-gnu/crtn.o
make[1]: Leaving directory `/home/exbot/Documents/k-means-master/bulid/CMakeFiles/CMakeTmp'


Parsed CXX implicit link information from above output:
  link line regex: [^( *|.*[/\])(ld|ld|collect2)[^/\]*( |$)]
  ignore line: [Change Dir: /home/exbot/Documents/k-means-master/bulid/CMakeFiles/CMakeTmp]
  ignore line: []
  ignore line: [Run Build Command:/usr/bin/make "cmTryCompileExec/fast"]
  ignore line: [/usr/bin/make -f CMakeFiles/cmTryCompileExec.dir/build.make CMakeFiles/cmTryCompileExec.dir/build]
  ignore line: [make[1]: Entering directory `/home/exbot/Documents/k-means-master/bulid/CMakeFiles/CMakeTmp']
  ignore line: [/usr/bin/cmake -E cmake_progress_report /home/exbot/Documents/k-means-master/bulid/CMakeFiles/CMakeTmp/CMakeFiles 1]
  ignore line: [Building CXX object CMakeFiles/cmTryCompileExec.dir/CMakeCXXCompilerABI.cpp.o]
  ignore line: [/usr/local/bin/c++     -o CMakeFiles/cmTryCompileExec.dir/CMakeCXXCompilerABI.cpp.o -c /usr/share/cmake-2.8/Modules/CMakeCXXCompilerABI.cpp]
  ignore line: [Linking CXX executable cmTryCompileExec]
  ignore line: [/usr/bin/cmake -E cmake_link_script CMakeFiles/cmTryCompileExec.dir/link.txt --verbose=1]
  ignore line: [/usr/local/bin/c++        -v CMakeFiles/cmTryCompileExec.dir/CMakeCXXCompilerABI.cpp.o  -o cmTryCompileExec -rdynamic  ]
  ignore line: [Using built-in specs.]
  ignore line: [COLLECT_GCC=/usr/local/bin/c++]
  ignore line: [COLLECT_LTO_WRAPPER=/usr/local/libexec/gcc/i686-pc-linux-gnu/4.9.2/lto-wrapper]
  ignore line: [Target: i686-pc-linux-gnu]
  ignore line: [Configured with: ../configure --enable-checking=release --enable-languages=c,c++ --disable-multilib]
  ignore line: [Thread model: posix]
  ignore line: [gcc version 4.9.2 (GCC) ]
  ignore line: [COMPILER_PATH=/usr/local/libexec/gcc/i686-pc-linux-gnu/4.9.2/:/usr/local/libexec/gcc/i686-pc-linux-gnu/4.9.2/:/usr/local/libexec/gcc/i686-pc-linux-gnu/:/usr/local/lib/gcc/i686-pc-linux-gnu/4.9.2/:/usr/local/lib/gcc/i686-pc-linux-gnu/]
  ignore line: [LIBRARY_PATH=/usr/local/lib/gcc/i686-pc-linux-gnu/4.9.2/:/usr/local/lib/gcc/i686-pc-linux-gnu/4.9.2/../../../:/lib/i386-linux-gnu/:/lib/:/usr/lib/i386-linux-gnu/:/usr/lib/]
  ignore line: [COLLECT_GCC_OPTIONS='-v' '-o' 'cmTryCompileExec' '-rdynamic' '-shared-libgcc' '-mtune=generic' '-march=pentiumpro']
  link line: [ /usr/local/libexec/gcc/i686-pc-linux-gnu/4.9.2/collect2 -plugin /usr/local/libexec/gcc/i686-pc-linux-gnu/4.9.2/liblto_plugin.so -plugin-opt=/usr/local/libexec/gcc/i686-pc-linux-gnu/4.9.2/lto-wrapper -plugin-opt=-fresolution=/tmp/ccuUvloY.res -plugin-opt=-pass-through=-lgcc_s -plugin-opt=-pass-through=-lgcc -plugin-opt=-pass-through=-lc -plugin-opt=-pass-through=-lgcc_s -plugin-opt=-pass-through=-lgcc --eh-frame-hdr -m elf_i386 -export-dynamic -dynamic-linker /lib/ld-linux.so.2 -o cmTryCompileExec /usr/lib/i386-linux-gnu/crt1.o /usr/lib/i386-linux-gnu/crti.o /usr/local/lib/gcc/i686-pc-linux-gnu/4.9.2/crtbegin.o -L/usr/local/lib/gcc/i686-pc-linux-gnu/4.9.2 -L/usr/local/lib/gcc/i686-pc-linux-gnu/4.9.2/../../.. -L/lib/i386-linux-gnu -L/usr/lib/i386-linux-gnu CMakeFiles/cmTryCompileExec.dir/CMakeCXXCompilerABI.cpp.o -lstdc++ -lm -lgcc_s -lgcc -lc -lgcc_s -lgcc /usr/local/lib/gcc/i686-pc-linux-gnu/4.9.2/crtend.o /usr/lib/i386-linux-gnu/crtn.o]
    arg [/usr/local/libexec/gcc/i686-pc-linux-gnu/4.9.2/collect2] ==> ignore
    arg [-plugin] ==> ignore
    arg [/usr/local/libexec/gcc/i686-pc-linux-gnu/4.9.2/liblto_plugin.so] ==> ignore
    arg [-plugin-opt=/usr/local/libexec/gcc/i686-pc-linux-gnu/4.9.2/lto-wrapper] ==> ignore
    arg [-plugin-opt=-fresolution=/tmp/ccuUvloY.res] ==> ignore
    arg [-plugin-opt=-pass-through=-lgcc_s] ==> ignore
    arg [-plugin-opt=-pass-through=-lgcc] ==> ignore
    arg [-plugin-opt=-pass-through=-lc] ==> ignore
    arg [-plugin-opt=-pass-through=-lgcc_s] ==> ignore
    arg [-plugin-opt=-pass-through=-lgcc] ==> ignore
    arg [--eh-frame-hdr] ==> ignore
    arg [-m] ==> ignore
    arg [elf_i386] ==> ignore
    arg [-export-dynamic] ==> ignore
    arg [-dynamic-linker] ==> ignore
    arg [/lib/ld-linux.so.2] ==> ignore
    arg [-o] ==> ignore
    arg [cmTryCompileExec] ==> ignore
    arg [/usr/lib/i386-linux-gnu/crt1.o] ==> ignore
    arg [/usr/lib/i386-linux-gnu/crti.o] ==> ignore
    arg [/usr/local/lib/gcc/i686-pc-linux-gnu/4.9.2/crtbegin.o] ==> ignore
    arg [-L/usr/local/lib/gcc/i686-pc-linux-gnu/4.9.2] ==> dir [/usr/local/lib/gcc/i686-pc-linux-gnu/4.9.2]
    arg [-L/usr/local/lib/gcc/i686-pc-linux-gnu/4.9.2/../../..] ==> dir [/usr/local/lib/gcc/i686-pc-linux-gnu/4.9.2/../../..]
    arg [-L/lib/i386-linux-gnu] ==> dir [/lib/i386-linux-gnu]
    arg [-L/usr/lib/i386-linux-gnu] ==> dir [/usr/lib/i386-linux-gnu]
    arg [CMakeFiles/cmTryCompileExec.dir/CMakeCXXCompilerABI.cpp.o] ==> ignore
    arg [-lstdc++] ==> lib [stdc++]
    arg [-lm] ==> lib [m]
    arg [-lgcc_s] ==> lib [gcc_s]
    arg [-lgcc] ==> lib [gcc]
    arg [-lc] ==> lib [c]
    arg [-lgcc_s] ==> lib [gcc_s]
    arg [-lgcc] ==> lib [gcc]
    arg [/usr/local/lib/gcc/i686-pc-linux-gnu/4.9.2/crtend.o] ==> ignore
    arg [/usr/lib/i386-linux-gnu/crtn.o] ==> ignore
  remove lib [gcc_s]
  remove lib [gcc]
  remove lib [gcc_s]
  remove lib [gcc]
  collapse dir [/usr/local/lib/gcc/i686-pc-linux-gnu/4.9.2] ==> [/usr/local/lib/gcc/i686-pc-linux-gnu/4.9.2]
  collapse dir [/usr/local/lib/gcc/i686-pc-linux-gnu/4.9.2/../../..] ==> [/usr/local/lib]
  collapse dir [/lib/i386-linux-gnu] ==> [/lib/i386-linux-gnu]
  collapse dir [/usr/lib/i386-linux-gnu] ==> [/usr/lib/i386-linux-gnu]
  implicit libs: [stdc++;m;c]
  implicit dirs: [/usr/local/lib/gcc/i686-pc-linux-gnu/4.9.2;/usr/local/lib;/lib/i386-linux-gnu;/usr/lib/i386-linux-gnu]


